# JRE version: OpenJDK Runtime Environment (17.0.7) (build 17.0.7+0-b2043.56-10550314)
# Java VM: OpenJDK 64-Bit Server VM (17.0.7+0-b2043.56-10550314, mixed mode, tiered, compressed oops, compressed class ptrs, g1 gc, windows-amd64)
GC Precious Log:
 CPUs: 8 total, 8 available
 Memory: 16303M
 Large Page Support: Disabled
 NUMA Support: Disabled
 Compressed Oops: Enabled (32-bit)
 Heap Region Size: 1M
 Heap Min Capacity: 8M
 Heap Initial Capacity: 256M
 Heap Max Capacity: 2G
 Pre-touch: Disabled
 Parallel Workers: 8
 Concurrent Workers: 2
 Concurrent Refinement Workers: 8
 Periodic GC: Disabled
Heap:
 garbage-first heap   total 382976K, used 269824K [0x0000000080000000, 0x0000000100000000)
  region size 1024K, 5 young (5120K), 5 survivors (5120K)
 Metaspace       used 111597K, committed 112384K, reserved 1179648K
  class space    used 15595K, committed 16000K, reserved 1048576K
GC Heap History (20 events):
Event: 5.926 GC heap after
{Heap after GC invocations=42 (full 0):
 garbage-first heap   total 165888K, used 87437K [0x0000000080000000, 0x0000000100000000)
  region size 1024K, 7 young (7168K), 7 survivors (7168K)
 Metaspace       used 93150K, committed 93824K, reserved 1179648K
  class space    used 12900K, committed 13248K, reserved 1048576K
}
Event: 5.938 GC heap before
{Heap before GC invocations=42 (full 0):
 garbage-first heap   total 165888K, used 88461K [0x0000000080000000, 0x0000000100000000)
  region size 1024K, 8 young (8192K), 7 survivors (7168K)
 Metaspace       used 93270K, committed 93952K, reserved 1179648K
  class space    used 12913K, committed 13248K, reserved 1048576K
}
Event: 5.941 GC heap after
{Heap after GC invocations=43 (full 0):
 garbage-first heap   total 165888K, used 87568K [0x0000000080000000, 0x0000000100000000)
  region size 1024K, 1 young (1024K), 1 survivors (1024K)
 Metaspace       used 93270K, committed 93952K, reserved 1179648K
  class space    used 12913K, committed 13248K, reserved 1048576K
}
Event: 6.222 GC heap before
{Heap before GC invocations=43 (full 0):
 garbage-first heap   total 165888K, used 136720K [0x0000000080000000, 0x0000000100000000)
  region size 1024K, 49 young (50176K), 1 survivors (1024K)
 Metaspace       used 95940K, committed 96576K, reserved 1179648K
  class space    used 13270K, committed 13568K, reserved 1048576K
}
Event: 6.225 GC heap after
{Heap after GC invocations=44 (full 0):
 garbage-first heap   total 367616K, used 90796K [0x0000000080000000, 0x0000000100000000)
  region size 1024K, 4 young (4096K), 4 survivors (4096K)
 Metaspace       used 95940K, committed 96576K, reserved 1179648K
  class space    used 13270K, committed 13568K, reserved 1048576K
}
Event: 7.054 GC heap before
{Heap before GC invocations=45 (full 0):
 garbage-first heap   total 327680K, used 282284K [0x0000000080000000, 0x0000000100000000)
  region size 1024K, 192 young (196608K), 4 survivors (4096K)
 Metaspace       used 99127K, committed 99776K, reserved 1179648K
  class space    used 13770K, committed 14080K, reserved 1048576K
}
Event: 7.063 GC heap after
{Heap after GC invocations=46 (full 0):
 garbage-first heap   total 327680K, used 109392K [0x0000000080000000, 0x0000000100000000)
  region size 1024K, 23 young (23552K), 23 survivors (23552K)
 Metaspace       used 99127K, committed 99776K, reserved 1179648K
  class space    used 13770K, committed 14080K, reserved 1048576K
}
Event: 7.065 GC heap before
{Heap before GC invocations=46 (full 0):
 garbage-first heap   total 327680K, used 110416K [0x0000000080000000, 0x0000000100000000)
  region size 1024K, 24 young (24576K), 23 survivors (23552K)
 Metaspace       used 99130K, committed 99776K, reserved 1179648K
  class space    used 13770K, committed 14080K, reserved 1048576K
}
Event: 7.071 GC heap after
{Heap after GC invocations=47 (full 0):
 garbage-first heap   total 327680K, used 112035K [0x0000000080000000, 0x0000000100000000)
  region size 1024K, 3 young (3072K), 3 survivors (3072K)
 Metaspace       used 99130K, committed 99776K, reserved 1179648K
  class space    used 13770K, committed 14080K, reserved 1048576K
}
Event: 7.643 GC heap before
{Heap before GC invocations=47 (full 0):
 garbage-first heap   total 327680K, used 248227K [0x0000000080000000, 0x0000000100000000)
  region size 1024K, 137 young (140288K), 3 survivors (3072K)
 Metaspace       used 103146K, committed 103936K, reserved 1179648K
  class space    used 14272K, committed 14656K, reserved 1048576K
}
Event: 7.649 GC heap after
{Heap after GC invocations=48 (full 0):
 garbage-first heap   total 327680K, used 118326K [0x0000000080000000, 0x0000000100000000)
  region size 1024K, 9 young (9216K), 9 survivors (9216K)
 Metaspace       used 103146K, committed 103936K, reserved 1179648K
  class space    used 14272K, committed 14656K, reserved 1048576K
}
Event: 7.971 GC heap before
{Heap before GC invocations=48 (full 0):
 garbage-first heap   total 327680K, used 249398K [0x0000000080000000, 0x0000000100000000)
  region size 1024K, 96 young (98304K), 9 survivors (9216K)
 Metaspace       used 107718K, committed 108480K, reserved 1179648K
  class space    used 14854K, committed 15232K, reserved 1048576K
}
Event: 7.977 GC heap after
{Heap after GC invocations=49 (full 0):
 garbage-first heap   total 327680K, used 165994K [0x0000000080000000, 0x0000000100000000)
  region size 1024K, 18 young (18432K), 18 survivors (18432K)
 Metaspace       used 107718K, committed 108480K, reserved 1179648K
  class space    used 14854K, committed 15232K, reserved 1048576K
}
Event: 8.333 GC heap before
{Heap before GC invocations=49 (full 0):
 garbage-first heap   total 327680K, used 289898K [0x0000000080000000, 0x0000000100000000)
  region size 1024K, 111 young (113664K), 18 survivors (18432K)
 Metaspace       used 108746K, committed 109568K, reserved 1179648K
  class space    used 15016K, committed 15424K, reserved 1048576K
}
Event: 8.354 GC heap after
{Heap after GC invocations=50 (full 0):
 garbage-first heap   total 343040K, used 207982K [0x0000000080000000, 0x0000000100000000)
  region size 1024K, 14 young (14336K), 14 survivors (14336K)
 Metaspace       used 108746K, committed 109568K, reserved 1179648K
  class space    used 15016K, committed 15424K, reserved 1048576K
}
Event: 8.572 GC heap before
{Heap before GC invocations=50 (full 0):
 garbage-first heap   total 343040K, used 271470K [0x0000000080000000, 0x0000000100000000)
  region size 1024K, 75 young (76800K), 14 survivors (14336K)
 Metaspace       used 111510K, committed 112320K, reserved 1179648K
  class space    used 15593K, committed 16000K, reserved 1048576K
}
Event: 8.593 GC heap after
{Heap after GC invocations=51 (full 0):
 garbage-first heap   total 343040K, used 233855K [0x0000000080000000, 0x0000000100000000)
  region size 1024K, 10 young (10240K), 10 survivors (10240K)
 Metaspace       used 111510K, committed 112320K, reserved 1179648K
  class space    used 15593K, committed 16000K, reserved 1048576K
}
Event: 8.671 GC heap before
{Heap before GC invocations=51 (full 0):
 garbage-first heap   total 343040K, used 273791K [0x0000000080000000, 0x0000000100000000)
  region size 1024K, 49 young (50176K), 10 survivors (10240K)
 Metaspace       used 111591K, committed 112384K, reserved 1179648K
  class space    used 15595K, committed 16000K, reserved 1048576K
}
Event: 8.689 GC heap after
{Heap after GC invocations=52 (full 0):
 garbage-first heap   total 343040K, used 254976K [0x0000000080000000, 0x0000000100000000)
  region size 1024K, 7 young (7168K), 7 survivors (7168K)
 Metaspace       used 111591K, committed 112384K, reserved 1179648K
  class space    used 15595K, committed 16000K, reserved 1048576K
}
Event: 8.739 GC heap before
{Heap before GC invocations=52 (full 0):
 garbage-first heap   total 343040K, used 281600K [0x0000000080000000, 0x0000000100000000)
  region size 1024K, 33 young (33792K), 7 survivors (7168K)
 Metaspace       used 111597K, committed 112384K, reserved 1179648K
  class space    used 15595K, committed 16000K, reserved 1048576K
}

