# JRE version: OpenJDK Runtime Environment (17.0.7) (build 17.0.7+0-b2043.56-10550314)
# Java VM: OpenJDK 64-Bit Server VM (17.0.7+0-b2043.56-10550314, mixed mode, tiered, compressed oops, compressed class ptrs, g1 gc, windows-amd64)
GC Precious Log:
 CPUs: 8 total, 8 available
 Memory: 16303M
 Large Page Support: Disabled
 NUMA Support: Disabled
 Compressed Oops: Enabled (32-bit)
 Heap Region Size: 1M
 Heap Min Capacity: 8M
 Heap Initial Capacity: 256M
 Heap Max Capacity: 2G
 Pre-touch: Disabled
 Parallel Workers: 8
 Concurrent Workers: 2
 Concurrent Refinement Workers: 8
 Periodic GC: Disabled
Heap:
 garbage-first heap   total 273408K, used 213292K [0x0000000080000000, 0x0000000100000000)
  region size 1024K, 36 young (36864K), 14 survivors (14336K)
 Metaspace       used 108177K, committed 108928K, reserved 1179648K
  class space    used 14864K, committed 15232K, reserved 1048576K
GC Heap History (20 events):
Event: 6.473 GC heap before
{Heap before GC invocations=34 (full 0):
 garbage-first heap   total 153600K, used 126536K [0x0000000080000000, 0x0000000100000000)
  region size 1024K, 45 young (46080K), 1 survivors (1024K)
 Metaspace       used 86554K, committed 87232K, reserved 1179648K
  class space    used 11904K, committed 12224K, reserved 1048576K
}
Event: 6.475 GC heap after
{Heap after GC invocations=35 (full 0):
 garbage-first heap   total 153600K, used 83721K [0x0000000080000000, 0x0000000100000000)
  region size 1024K, 3 young (3072K), 3 survivors (3072K)
 Metaspace       used 86554K, committed 87232K, reserved 1179648K
  class space    used 11904K, committed 12224K, reserved 1048576K
}
Event: 6.808 GC heap before
{Heap before GC invocations=36 (full 0):
 garbage-first heap   total 153600K, used 127753K [0x0000000080000000, 0x0000000100000000)
  region size 1024K, 46 young (47104K), 3 survivors (3072K)
 Metaspace       used 90223K, committed 90816K, reserved 1179648K
  class space    used 12456K, committed 12736K, reserved 1048576K
}
Event: 6.811 GC heap after
{Heap after GC invocations=37 (full 0):
 garbage-first heap   total 153600K, used 86316K [0x0000000080000000, 0x0000000100000000)
  region size 1024K, 6 young (6144K), 6 survivors (6144K)
 Metaspace       used 90223K, committed 90816K, reserved 1179648K
  class space    used 12456K, committed 12736K, reserved 1048576K
}
Event: 7.096 GC heap before
{Heap before GC invocations=37 (full 0):
 garbage-first heap   total 153600K, used 128300K [0x0000000080000000, 0x0000000100000000)
  region size 1024K, 47 young (48128K), 6 survivors (6144K)
 Metaspace       used 94352K, committed 94976K, reserved 1179648K
  class space    used 13031K, committed 13312K, reserved 1048576K
}
Event: 7.100 GC heap after
{Heap after GC invocations=38 (full 0):
 garbage-first heap   total 153600K, used 88758K [0x0000000080000000, 0x0000000100000000)
  region size 1024K, 5 young (5120K), 5 survivors (5120K)
 Metaspace       used 94352K, committed 94976K, reserved 1179648K
  class space    used 13031K, committed 13312K, reserved 1048576K
}
Event: 7.332 GC heap before
{Heap before GC invocations=39 (full 0):
 garbage-first heap   total 158720K, used 128694K [0x0000000080000000, 0x0000000100000000)
  region size 1024K, 44 young (45056K), 5 survivors (5120K)
 Metaspace       used 96077K, committed 96704K, reserved 1179648K
  class space    used 13273K, committed 13568K, reserved 1048576K
}
Event: 7.338 GC heap after
{Heap after GC invocations=40 (full 0):
 garbage-first heap   total 158720K, used 92571K [0x0000000080000000, 0x0000000100000000)
  region size 1024K, 6 young (6144K), 6 survivors (6144K)
 Metaspace       used 96077K, committed 96704K, reserved 1179648K
  class space    used 13273K, committed 13568K, reserved 1048576K
}
Event: 7.501 GC heap before
{Heap before GC invocations=40 (full 0):
 garbage-first heap   total 158720K, used 132507K [0x0000000080000000, 0x0000000100000000)
  region size 1024K, 45 young (46080K), 6 survivors (6144K)
 Metaspace       used 96318K, committed 97024K, reserved 1179648K
  class space    used 13303K, committed 13632K, reserved 1048576K
}
Event: 7.507 GC heap after
{Heap after GC invocations=41 (full 0):
 garbage-first heap   total 273408K, used 98900K [0x0000000080000000, 0x0000000100000000)
  region size 1024K, 6 young (6144K), 6 survivors (6144K)
 Metaspace       used 96318K, committed 97024K, reserved 1179648K
  class space    used 13303K, committed 13632K, reserved 1048576K
}
Event: 8.637 GC heap before
{Heap before GC invocations=42 (full 0):
 garbage-first heap   total 273408K, used 211540K [0x0000000080000000, 0x0000000100000000)
  region size 1024K, 117 young (119808K), 6 survivors (6144K)
 Metaspace       used 98891K, committed 99584K, reserved 1179648K
  class space    used 13702K, committed 14016K, reserved 1048576K
}
Event: 8.646 GC heap after
{Heap after GC invocations=43 (full 0):
 garbage-first heap   total 273408K, used 108495K [0x0000000080000000, 0x0000000100000000)
  region size 1024K, 15 young (15360K), 15 survivors (15360K)
 Metaspace       used 98891K, committed 99584K, reserved 1179648K
  class space    used 13702K, committed 14016K, reserved 1048576K
}
Event: 8.649 GC heap before
{Heap before GC invocations=43 (full 0):
 garbage-first heap   total 273408K, used 109519K [0x0000000080000000, 0x0000000100000000)
  region size 1024K, 16 young (16384K), 15 survivors (15360K)
 Metaspace       used 98899K, committed 99584K, reserved 1179648K
  class space    used 13702K, committed 14016K, reserved 1048576K
}
Event: 8.657 GC heap after
{Heap after GC invocations=44 (full 0):
 garbage-first heap   total 273408K, used 109509K [0x0000000080000000, 0x0000000100000000)
  region size 1024K, 2 young (2048K), 2 survivors (2048K)
 Metaspace       used 98899K, committed 99584K, reserved 1179648K
  class space    used 13702K, committed 14016K, reserved 1048576K
}
Event: 9.592 GC heap before
{Heap before GC invocations=44 (full 0):
 garbage-first heap   total 273408K, used 206789K [0x0000000080000000, 0x0000000100000000)
  region size 1024K, 98 young (100352K), 2 survivors (2048K)
 Metaspace       used 100847K, committed 101504K, reserved 1179648K
  class space    used 13949K, committed 14272K, reserved 1048576K
}
Event: 9.596 GC heap after
{Heap after GC invocations=45 (full 0):
 garbage-first heap   total 273408K, used 114557K [0x0000000080000000, 0x0000000100000000)
  region size 1024K, 7 young (7168K), 7 survivors (7168K)
 Metaspace       used 100847K, committed 101504K, reserved 1179648K
  class space    used 13949K, committed 14272K, reserved 1048576K
}
Event: 10.511 GC heap before
{Heap before GC invocations=45 (full 0):
 garbage-first heap   total 273408K, used 217981K [0x0000000080000000, 0x0000000100000000)
  region size 1024K, 104 young (106496K), 7 survivors (7168K)
 Metaspace       used 104741K, committed 105600K, reserved 1179648K
  class space    used 14370K, committed 14784K, reserved 1048576K
}
Event: 10.519 GC heap after
{Heap after GC invocations=46 (full 0):
 garbage-first heap   total 273408K, used 120840K [0x0000000080000000, 0x0000000100000000)
  region size 1024K, 13 young (13312K), 13 survivors (13312K)
 Metaspace       used 104741K, committed 105600K, reserved 1179648K
  class space    used 14370K, committed 14784K, reserved 1048576K
}
Event: 11.307 GC heap before
{Heap before GC invocations=46 (full 0):
 garbage-first heap   total 273408K, used 194568K [0x0000000080000000, 0x0000000100000000)
  region size 1024K, 62 young (63488K), 13 survivors (13312K)
 Metaspace       used 108127K, committed 108864K, reserved 1179648K
  class space    used 14864K, committed 15232K, reserved 1048576K
}
Event: 11.314 GC heap after
{Heap after GC invocations=47 (full 0):
 garbage-first heap   total 273408K, used 152876K [0x0000000080000000, 0x0000000100000000)
  region size 1024K, 14 young (14336K), 14 survivors (14336K)
 Metaspace       used 108127K, committed 108864K, reserved 1179648K
  class space    used 14864K, committed 15232K, reserved 1048576K
}

