# JRE version: OpenJDK Runtime Environment (17.0.7) (build 17.0.7+0-b2043.56-10550314)
# Java VM: OpenJDK 64-Bit Server VM (17.0.7+0-b2043.56-10550314, mixed mode, tiered, compressed oops, compressed class ptrs, g1 gc, windows-amd64)
GC Precious Log:
 CPUs: 8 total, 8 available
 Memory: 16303M
 Large Page Support: Disabled
 NUMA Support: Disabled
 Compressed Oops: Enabled (32-bit)
 Heap Region Size: 1M
 Heap Min Capacity: 8M
 Heap Initial Capacity: 256M
 Heap Max Capacity: 2G
 Pre-touch: Disabled
 Parallel Workers: 8
 Concurrent Workers: 2
 Concurrent Refinement Workers: 8
 Periodic GC: Disabled
Heap:
 garbage-first heap   total 429056K, used 312832K [0x0000000080000000, 0x0000000100000000)
  region size 1024K, 7 young (7168K), 7 survivors (7168K)
 Metaspace       used 114169K, committed 115008K, reserved 1179648K
  class space    used 15923K, committed 16320K, reserved 1048576K
GC Heap History (20 events):
Event: 6.661 GC heap after
{Heap after GC invocations=29 (full 0):
 garbage-first heap   total 245760K, used 102614K [0x0000000080000000, 0x0000000100000000)
  region size 1024K, 14 young (14336K), 14 survivors (14336K)
 Metaspace       used 98222K, committed 98944K, reserved 1179648K
  class space    used 13669K, committed 14016K, reserved 1048576K
}
Event: 7.000 GC heap before
{Heap before GC invocations=29 (full 0):
 garbage-first heap   total 245760K, used 190678K [0x0000000080000000, 0x0000000100000000)
  region size 1024K, 101 young (103424K), 14 survivors (14336K)
 Metaspace       used 99116K, committed 99840K, reserved 1179648K
  class space    used 13767K, committed 14080K, reserved 1048576K
}
Event: 7.007 GC heap after
{Heap after GC invocations=30 (full 0):
 garbage-first heap   total 245760K, used 110577K [0x0000000080000000, 0x0000000100000000)
  region size 1024K, 8 young (8192K), 8 survivors (8192K)
 Metaspace       used 99116K, committed 99840K, reserved 1179648K
  class space    used 13767K, committed 14080K, reserved 1048576K
}
Event: 7.436 GC heap before
{Heap before GC invocations=30 (full 0):
 garbage-first heap   total 245760K, used 193521K [0x0000000080000000, 0x0000000100000000)
  region size 1024K, 90 young (92160K), 8 survivors (8192K)
 Metaspace       used 100986K, committed 101696K, reserved 1179648K
  class space    used 14010K, committed 14336K, reserved 1048576K
}
Event: 7.441 GC heap after
{Heap after GC invocations=31 (full 0):
 garbage-first heap   total 245760K, used 116527K [0x0000000080000000, 0x0000000100000000)
  region size 1024K, 6 young (6144K), 6 survivors (6144K)
 Metaspace       used 100986K, committed 101696K, reserved 1179648K
  class space    used 14010K, committed 14336K, reserved 1048576K
}
Event: 7.717 GC heap before
{Heap before GC invocations=31 (full 0):
 garbage-first heap   total 245760K, used 197423K [0x0000000080000000, 0x0000000100000000)
  region size 1024K, 86 young (88064K), 6 survivors (6144K)
 Metaspace       used 103809K, committed 104576K, reserved 1179648K
  class space    used 14355K, committed 14720K, reserved 1048576K
}
Event: 7.724 GC heap after
{Heap after GC invocations=32 (full 0):
 garbage-first heap   total 245760K, used 122053K [0x0000000080000000, 0x0000000100000000)
  region size 1024K, 11 young (11264K), 11 survivors (11264K)
 Metaspace       used 103809K, committed 104576K, reserved 1179648K
  class space    used 14355K, committed 14720K, reserved 1048576K
}
Event: 8.047 GC heap before
{Heap before GC invocations=32 (full 0):
 garbage-first heap   total 245760K, used 170181K [0x0000000080000000, 0x0000000100000000)
  region size 1024K, 45 young (46080K), 11 survivors (11264K)
 Metaspace       used 104987K, committed 105728K, reserved 1179648K
  class space    used 14432K, committed 14784K, reserved 1048576K
}
Event: 8.052 GC heap after
{Heap after GC invocations=33 (full 0):
 garbage-first heap   total 245760K, used 139264K [0x0000000080000000, 0x0000000100000000)
  region size 1024K, 11 young (11264K), 11 survivors (11264K)
 Metaspace       used 104987K, committed 105728K, reserved 1179648K
  class space    used 14432K, committed 14784K, reserved 1048576K
}
Event: 8.398 GC heap before
{Heap before GC invocations=34 (full 0):
 garbage-first heap   total 258048K, used 234496K [0x0000000080000000, 0x0000000100000000)
  region size 1024K, 60 young (61440K), 11 survivors (11264K)
 Metaspace       used 108152K, committed 108928K, reserved 1179648K
  class space    used 14904K, committed 15296K, reserved 1048576K
}
Event: 8.404 GC heap after
{Heap after GC invocations=35 (full 0):
 garbage-first heap   total 261120K, used 176917K [0x0000000080000000, 0x0000000100000000)
  region size 1024K, 9 young (9216K), 9 survivors (9216K)
 Metaspace       used 108152K, committed 108928K, reserved 1179648K
  class space    used 14904K, committed 15296K, reserved 1048576K
}
Event: 8.432 GC heap before
{Heap before GC invocations=35 (full 0):
 garbage-first heap   total 261120K, used 187157K [0x0000000080000000, 0x0000000100000000)
  region size 1024K, 12 young (12288K), 9 survivors (9216K)
 Metaspace       used 108319K, committed 109056K, reserved 1179648K
  class space    used 14934K, committed 15296K, reserved 1048576K
}
Event: 8.436 GC heap after
{Heap after GC invocations=36 (full 0):
 garbage-first heap   total 429056K, used 178652K [0x0000000080000000, 0x0000000100000000)
  region size 1024K, 2 young (2048K), 2 survivors (2048K)
 Metaspace       used 108319K, committed 109056K, reserved 1179648K
  class space    used 14934K, committed 15296K, reserved 1048576K
}
Event: 9.022 GC heap before
{Heap before GC invocations=36 (full 0):
 garbage-first heap   total 429056K, used 299484K [0x0000000080000000, 0x0000000100000000)
  region size 1024K, 115 young (117760K), 2 survivors (2048K)
 Metaspace       used 111374K, committed 112192K, reserved 1179648K
  class space    used 15583K, committed 16000K, reserved 1048576K
}
Event: 9.042 GC heap after
{Heap after GC invocations=37 (full 0):
 garbage-first heap   total 429056K, used 222208K [0x0000000080000000, 0x0000000100000000)
  region size 1024K, 15 young (15360K), 15 survivors (15360K)
 Metaspace       used 111374K, committed 112192K, reserved 1179648K
  class space    used 15583K, committed 16000K, reserved 1048576K
}
Event: 9.311 GC heap before
{Heap before GC invocations=37 (full 0):
 garbage-first heap   total 429056K, used 312320K [0x0000000080000000, 0x0000000100000000)
  region size 1024K, 104 young (106496K), 15 survivors (15360K)
 Metaspace       used 111624K, committed 112448K, reserved 1179648K
  class space    used 15587K, committed 16000K, reserved 1048576K
}
Event: 9.345 GC heap after
{Heap after GC invocations=38 (full 0):
 garbage-first heap   total 429056K, used 268114K [0x0000000080000000, 0x0000000100000000)
  region size 1024K, 13 young (13312K), 13 survivors (13312K)
 Metaspace       used 111624K, committed 112448K, reserved 1179648K
  class space    used 15587K, committed 16000K, reserved 1048576K
}
Event: 9.470 GC heap before
{Heap before GC invocations=38 (full 0):
 garbage-first heap   total 429056K, used 328530K [0x0000000080000000, 0x0000000100000000)
  region size 1024K, 73 young (74752K), 13 survivors (13312K)
 Metaspace       used 111631K, committed 112512K, reserved 1179648K
  class space    used 15587K, committed 16000K, reserved 1048576K
}
Event: 9.491 GC heap after
{Heap after GC invocations=39 (full 0):
 garbage-first heap   total 429056K, used 300544K [0x0000000080000000, 0x0000000100000000)
  region size 1024K, 10 young (10240K), 10 survivors (10240K)
 Metaspace       used 111631K, committed 112512K, reserved 1179648K
  class space    used 15587K, committed 16000K, reserved 1048576K
}
Event: 9.692 GC heap before
{Heap before GC invocations=39 (full 0):
 garbage-first heap   total 429056K, used 341504K [0x0000000080000000, 0x0000000100000000)
  region size 1024K, 51 young (52224K), 10 survivors (10240K)
 Metaspace       used 114169K, committed 115008K, reserved 1179648K
  class space    used 15923K, committed 16320K, reserved 1048576K
}

