# JRE version: OpenJDK Runtime Environment (17.0.7) (build 17.0.7+0-b2043.56-10550314)
# Java VM: OpenJDK 64-Bit Server VM (17.0.7+0-b2043.56-10550314, mixed mode, tiered, compressed oops, compressed class ptrs, g1 gc, windows-amd64)
GC Precious Log:
 CPUs: 8 total, 8 available
 Memory: 16303M
 Large Page Support: Disabled
 NUMA Support: Disabled
 Compressed Oops: Enabled (32-bit)
 Heap Region Size: 1M
 Heap Min Capacity: 8M
 Heap Initial Capacity: 256M
 Heap Max Capacity: 2G
 Pre-touch: Disabled
 Parallel Workers: 8
 Concurrent Workers: 2
 Concurrent Refinement Workers: 8
 Periodic GC: Disabled
Heap:
 garbage-first heap   total 362496K, used 281405K [0x0000000080000000, 0x0000000100000000)
  region size 1024K, 48 young (49152K), 8 survivors (8192K)
 Metaspace       used 111382K, committed 112192K, reserved 1179648K
  class space    used 15532K, committed 15936K, reserved 1048576K
GC Heap History (20 events):
Event: 8.243 GC heap before
{Heap before GC invocations=46 (full 0):
 garbage-first heap   total 215040K, used 168135K [0x0000000080000000, 0x0000000100000000)
  region size 1024K, 66 young (67584K), 7 survivors (7168K)
 Metaspace       used 99141K, committed 99840K, reserved 1179648K
  class space    used 13733K, committed 14080K, reserved 1048576K
}
Event: 8.247 GC heap after
{Heap after GC invocations=47 (full 0):
 garbage-first heap   total 215040K, used 113469K [0x0000000080000000, 0x0000000100000000)
  region size 1024K, 5 young (5120K), 5 survivors (5120K)
 Metaspace       used 99141K, committed 99840K, reserved 1179648K
  class space    used 13733K, committed 14080K, reserved 1048576K
}
Event: 8.619 GC heap before
{Heap before GC invocations=47 (full 0):
 garbage-first heap   total 215040K, used 171837K [0x0000000080000000, 0x0000000100000000)
  region size 1024K, 63 young (64512K), 5 survivors (5120K)
 Metaspace       used 101317K, committed 102016K, reserved 1179648K
  class space    used 14001K, committed 14336K, reserved 1048576K
}
Event: 8.624 GC heap after
{Heap after GC invocations=48 (full 0):
 garbage-first heap   total 215040K, used 118100K [0x0000000080000000, 0x0000000100000000)
  region size 1024K, 5 young (5120K), 5 survivors (5120K)
 Metaspace       used 101317K, committed 102016K, reserved 1179648K
  class space    used 14001K, committed 14336K, reserved 1048576K
}
Event: 8.892 GC heap before
{Heap before GC invocations=49 (full 0):
 garbage-first heap   total 215040K, used 174420K [0x0000000080000000, 0x0000000100000000)
  region size 1024K, 61 young (62464K), 5 survivors (5120K)
 Metaspace       used 102891K, committed 103680K, reserved 1179648K
  class space    used 14190K, committed 14592K, reserved 1048576K
}
Event: 8.897 GC heap after
{Heap after GC invocations=50 (full 0):
 garbage-first heap   total 215040K, used 121939K [0x0000000080000000, 0x0000000100000000)
  region size 1024K, 4 young (4096K), 4 survivors (4096K)
 Metaspace       used 102891K, committed 103680K, reserved 1179648K
  class space    used 14190K, committed 14592K, reserved 1048576K
}
Event: 8.909 GC heap before
{Heap before GC invocations=50 (full 0):
 garbage-first heap   total 215040K, used 128083K [0x0000000080000000, 0x0000000100000000)
  region size 1024K, 10 young (10240K), 4 survivors (4096K)
 Metaspace       used 102894K, committed 103680K, reserved 1179648K
  class space    used 14190K, committed 14592K, reserved 1048576K
}
Event: 8.911 GC heap after
{Heap after GC invocations=51 (full 0):
 garbage-first heap   total 215040K, used 122118K [0x0000000080000000, 0x0000000100000000)
  region size 1024K, 1 young (1024K), 1 survivors (1024K)
 Metaspace       used 102894K, committed 103680K, reserved 1179648K
  class space    used 14190K, committed 14592K, reserved 1048576K
}
Event: 8.944 GC heap before
{Heap before GC invocations=51 (full 0):
 garbage-first heap   total 215040K, used 135430K [0x0000000080000000, 0x0000000100000000)
  region size 1024K, 16 young (16384K), 1 survivors (1024K)
 Metaspace       used 103092K, committed 103808K, reserved 1179648K
  class space    used 14225K, committed 14592K, reserved 1048576K
}
Event: 8.946 GC heap after
{Heap after GC invocations=52 (full 0):
 garbage-first heap   total 362496K, used 122659K [0x0000000080000000, 0x0000000100000000)
  region size 1024K, 2 young (2048K), 2 survivors (2048K)
 Metaspace       used 103092K, committed 103808K, reserved 1179648K
  class space    used 14225K, committed 14592K, reserved 1048576K
}
Event: 9.326 GC heap before
{Heap before GC invocations=52 (full 0):
 garbage-first heap   total 362496K, used 231203K [0x0000000080000000, 0x0000000100000000)
  region size 1024K, 70 young (71680K), 2 survivors (2048K)
 Metaspace       used 107562K, committed 108288K, reserved 1179648K
  class space    used 14794K, committed 15168K, reserved 1048576K
}
Event: 9.331 GC heap after
{Heap after GC invocations=53 (full 0):
 garbage-first heap   total 362496K, used 165664K [0x0000000080000000, 0x0000000100000000)
  region size 1024K, 17 young (17408K), 17 survivors (17408K)
 Metaspace       used 107562K, committed 108288K, reserved 1179648K
  class space    used 14794K, committed 15168K, reserved 1048576K
}
Event: 9.337 GC heap before
{Heap before GC invocations=53 (full 0):
 garbage-first heap   total 362496K, used 184096K [0x0000000080000000, 0x0000000100000000)
  region size 1024K, 24 young (24576K), 17 survivors (17408K)
 Metaspace       used 107564K, committed 108288K, reserved 1179648K
  class space    used 14794K, committed 15168K, reserved 1048576K
}
Event: 9.339 GC heap after
{Heap after GC invocations=54 (full 0):
 garbage-first heap   total 362496K, used 173712K [0x0000000080000000, 0x0000000100000000)
  region size 1024K, 3 young (3072K), 3 survivors (3072K)
 Metaspace       used 107564K, committed 108288K, reserved 1179648K
  class space    used 14794K, committed 15168K, reserved 1048576K
}
Event: 9.846 GC heap before
{Heap before GC invocations=55 (full 0):
 garbage-first heap   total 362496K, used 290448K [0x0000000080000000, 0x0000000100000000)
  region size 1024K, 98 young (100352K), 3 survivors (3072K)
 Metaspace       used 108549K, committed 109376K, reserved 1179648K
  class space    used 14956K, committed 15360K, reserved 1048576K
}
Event: 9.861 GC heap after
{Heap after GC invocations=56 (full 0):
 garbage-first heap   total 362496K, used 214604K [0x0000000080000000, 0x0000000100000000)
  region size 1024K, 13 young (13312K), 13 survivors (13312K)
 Metaspace       used 108549K, committed 109376K, reserved 1179648K
  class space    used 14956K, committed 15360K, reserved 1048576K
}
Event: 9.880 GC heap before
{Heap before GC invocations=56 (full 0):
 garbage-first heap   total 362496K, used 220748K [0x0000000080000000, 0x0000000100000000)
  region size 1024K, 17 young (17408K), 13 survivors (13312K)
 Metaspace       used 108549K, committed 109376K, reserved 1179648K
  class space    used 14956K, committed 15360K, reserved 1048576K
}
Event: 9.893 GC heap after
{Heap after GC invocations=57 (full 0):
 garbage-first heap   total 362496K, used 220463K [0x0000000080000000, 0x0000000100000000)
  region size 1024K, 3 young (3072K), 3 survivors (3072K)
 Metaspace       used 108549K, committed 109376K, reserved 1179648K
  class space    used 14956K, committed 15360K, reserved 1048576K
}
Event: 10.127 GC heap before
{Heap before GC invocations=57 (full 0):
 garbage-first heap   total 362496K, used 279855K [0x0000000080000000, 0x0000000100000000)
  region size 1024K, 62 young (63488K), 3 survivors (3072K)
 Metaspace       used 111323K, committed 112128K, reserved 1179648K
  class space    used 15532K, committed 15936K, reserved 1048576K
}
Event: 10.143 GC heap after
{Heap after GC invocations=58 (full 0):
 garbage-first heap   total 362496K, used 243517K [0x0000000080000000, 0x0000000100000000)
  region size 1024K, 8 young (8192K), 8 survivors (8192K)
 Metaspace       used 111323K, committed 112128K, reserved 1179648K
  class space    used 15532K, committed 15936K, reserved 1048576K
}

