# JRE version: OpenJDK Runtime Environment (17.0.7) (build 17.0.7+0-b2043.56-10550314)
# Java VM: OpenJDK 64-Bit Server VM (17.0.7+0-b2043.56-10550314, mixed mode, tiered, compressed oops, compressed class ptrs, g1 gc, windows-amd64)
GC Precious Log:
 CPUs: 8 total, 8 available
 Memory: 16303M
 Large Page Support: Disabled
 NUMA Support: Disabled
 Compressed Oops: Enabled (32-bit)
 Heap Region Size: 1M
 Heap Min Capacity: 8M
 Heap Initial Capacity: 256M
 Heap Max Capacity: 2G
 Pre-touch: Disabled
 Parallel Workers: 8
 Concurrent Workers: 2
 Concurrent Refinement Workers: 8
 Periodic GC: Disabled
Heap:
 garbage-first heap   total 446464K, used 336238K [0x0000000080000000, 0x0000000100000000)
  region size 1024K, 161 young (164864K), 15 survivors (15360K)
 Metaspace       used 107934K, committed 108736K, reserved 1179648K
  class space    used 14855K, committed 15232K, reserved 1048576K
GC Heap History (20 events):
Event: 6.246 GC heap before
{Heap before GC invocations=42 (full 0):
 garbage-first heap   total 143360K, used 118914K [0x0000000080000000, 0x0000000100000000)
  region size 1024K, 40 young (40960K), 2 survivors (2048K)
 Metaspace       used 85453K, committed 86080K, reserved 1179648K
  class space    used 11749K, committed 12032K, reserved 1048576K
}
Event: 6.248 GC heap after
{Heap after GC invocations=43 (full 0):
 garbage-first heap   total 143360K, used 81830K [0x0000000080000000, 0x0000000100000000)
  region size 1024K, 4 young (4096K), 4 survivors (4096K)
 Metaspace       used 85453K, committed 86080K, reserved 1179648K
  class space    used 11749K, committed 12032K, reserved 1048576K
}
Event: 6.577 GC heap before
{Heap before GC invocations=44 (full 0):
 garbage-first heap   total 147456K, used 119718K [0x0000000080000000, 0x0000000100000000)
  region size 1024K, 41 young (41984K), 4 survivors (4096K)
 Metaspace       used 88383K, committed 89024K, reserved 1179648K
  class space    used 12187K, committed 12480K, reserved 1048576K
}
Event: 6.582 GC heap after
{Heap after GC invocations=45 (full 0):
 garbage-first heap   total 147456K, used 84526K [0x0000000080000000, 0x0000000100000000)
  region size 1024K, 6 young (6144K), 6 survivors (6144K)
 Metaspace       used 88383K, committed 89024K, reserved 1179648K
  class space    used 12187K, committed 12480K, reserved 1048576K
}
Event: 6.591 GC heap before
{Heap before GC invocations=45 (full 0):
 garbage-first heap   total 147456K, used 85550K [0x0000000080000000, 0x0000000100000000)
  region size 1024K, 7 young (7168K), 6 survivors (6144K)
 Metaspace       used 88419K, committed 89024K, reserved 1179648K
  class space    used 12190K, committed 12480K, reserved 1048576K
}
Event: 6.594 GC heap after
{Heap after GC invocations=46 (full 0):
 garbage-first heap   total 177152K, used 85413K [0x0000000080000000, 0x0000000100000000)
  region size 1024K, 1 young (1024K), 1 survivors (1024K)
 Metaspace       used 88419K, committed 89024K, reserved 1179648K
  class space    used 12190K, committed 12480K, reserved 1048576K
}
Event: 6.990 GC heap before
{Heap before GC invocations=46 (full 0):
 garbage-first heap   total 177152K, used 143781K [0x0000000080000000, 0x0000000100000000)
  region size 1024K, 58 young (59392K), 1 survivors (1024K)
 Metaspace       used 94052K, committed 94720K, reserved 1179648K
  class space    used 12997K, committed 13312K, reserved 1048576K
}
Event: 6.992 GC heap after
{Heap after GC invocations=47 (full 0):
 garbage-first heap   total 177152K, used 87437K [0x0000000080000000, 0x0000000100000000)
  region size 1024K, 3 young (3072K), 3 survivors (3072K)
 Metaspace       used 94052K, committed 94720K, reserved 1179648K
  class space    used 12997K, committed 13312K, reserved 1048576K
}
Event: 7.314 GC heap before
{Heap before GC invocations=48 (full 0):
 garbage-first heap   total 177152K, used 144781K [0x0000000080000000, 0x0000000100000000)
  region size 1024K, 59 young (60416K), 3 survivors (3072K)
 Metaspace       used 96047K, committed 96704K, reserved 1179648K
  class space    used 13276K, committed 13568K, reserved 1048576K
}
Event: 7.319 GC heap after
{Heap after GC invocations=49 (full 0):
 garbage-first heap   total 177152K, used 93901K [0x0000000080000000, 0x0000000100000000)
  region size 1024K, 8 young (8192K), 8 survivors (8192K)
 Metaspace       used 96047K, committed 96704K, reserved 1179648K
  class space    used 13276K, committed 13568K, reserved 1048576K
}
Event: 7.325 GC heap before
{Heap before GC invocations=49 (full 0):
 garbage-first heap   total 177152K, used 94925K [0x0000000080000000, 0x0000000100000000)
  region size 1024K, 9 young (9216K), 8 survivors (8192K)
 Metaspace       used 96047K, committed 96704K, reserved 1179648K
  class space    used 13276K, committed 13568K, reserved 1048576K
}
Event: 7.330 GC heap after
{Heap after GC invocations=50 (full 0):
 garbage-first heap   total 177152K, used 94007K [0x0000000080000000, 0x0000000100000000)
  region size 1024K, 1 young (1024K), 1 survivors (1024K)
 Metaspace       used 96047K, committed 96704K, reserved 1179648K
  class space    used 13276K, committed 13568K, reserved 1048576K
}
Event: 7.631 GC heap before
{Heap before GC invocations=50 (full 0):
 garbage-first heap   total 177152K, used 144183K [0x0000000080000000, 0x0000000100000000)
  region size 1024K, 50 young (51200K), 1 survivors (1024K)
 Metaspace       used 97661K, committed 98368K, reserved 1179648K
  class space    used 13560K, committed 13888K, reserved 1048576K
}
Event: 7.635 GC heap after
{Heap after GC invocations=51 (full 0):
 garbage-first heap   total 177152K, used 100399K [0x0000000080000000, 0x0000000100000000)
  region size 1024K, 7 young (7168K), 7 survivors (7168K)
 Metaspace       used 97661K, committed 98368K, reserved 1179648K
  class space    used 13560K, committed 13888K, reserved 1048576K
}
Event: 7.903 GC heap before
{Heap before GC invocations=52 (full 0):
 garbage-first heap   total 181248K, used 143407K [0x0000000080000000, 0x0000000100000000)
  region size 1024K, 50 young (51200K), 7 survivors (7168K)
 Metaspace       used 98377K, committed 99072K, reserved 1179648K
  class space    used 13687K, committed 14016K, reserved 1048576K
}
Event: 7.908 GC heap after
{Heap after GC invocations=53 (full 0):
 garbage-first heap   total 181248K, used 104451K [0x0000000080000000, 0x0000000100000000)
  region size 1024K, 5 young (5120K), 5 survivors (5120K)
 Metaspace       used 98377K, committed 99072K, reserved 1179648K
  class space    used 13687K, committed 14016K, reserved 1048576K
}
Event: 7.917 GC heap before
{Heap before GC invocations=53 (full 0):
 garbage-first heap   total 181248K, used 107523K [0x0000000080000000, 0x0000000100000000)
  region size 1024K, 8 young (8192K), 5 survivors (5120K)
 Metaspace       used 98386K, committed 99072K, reserved 1179648K
  class space    used 13687K, committed 14016K, reserved 1048576K
}
Event: 7.921 GC heap after
{Heap after GC invocations=54 (full 0):
 garbage-first heap   total 446464K, used 104606K [0x0000000080000000, 0x0000000100000000)
  region size 1024K, 1 young (1024K), 1 survivors (1024K)
 Metaspace       used 98386K, committed 99072K, reserved 1179648K
  class space    used 13687K, committed 14016K, reserved 1048576K
}
Event: 9.068 GC heap before
{Heap before GC invocations=54 (full 0):
 garbage-first heap   total 446464K, used 349342K [0x0000000080000000, 0x0000000100000000)
  region size 1024K, 236 young (241664K), 1 survivors (1024K)
 Metaspace       used 104147K, committed 104896K, reserved 1179648K
  class space    used 14309K, committed 14656K, reserved 1048576K
}
Event: 9.077 GC heap after
{Heap after GC invocations=55 (full 0):
 garbage-first heap   total 446464K, used 119150K [0x0000000080000000, 0x0000000100000000)
  region size 1024K, 15 young (15360K), 15 survivors (15360K)
 Metaspace       used 104147K, committed 104896K, reserved 1179648K
  class space    used 14309K, committed 14656K, reserved 1048576K
}

