# JRE version: OpenJDK Runtime Environment (17.0.7) (build 17.0.7+0-b2043.56-10550314)
# Java VM: OpenJDK 64-Bit Server VM (17.0.7+0-b2043.56-10550314, mixed mode, tiered, compressed oops, compressed class ptrs, g1 gc, windows-amd64)
GC Precious Log:
 CPUs: 8 total, 8 available
 Memory: 16303M
 Large Page Support: Disabled
 NUMA Support: Disabled
 Compressed Oops: Enabled (32-bit)
 Heap Region Size: 1M
 Heap Min Capacity: 8M
 Heap Initial Capacity: 256M
 Heap Max Capacity: 2G
 Pre-touch: Disabled
 Parallel Workers: 8
 Concurrent Workers: 2
 Concurrent Refinement Workers: 8
 Periodic GC: Disabled
Heap:
 garbage-first heap   total 380928K, used 227030K [0x0000000080000000, 0x0000000100000000)
  region size 1024K, 3 young (3072K), 3 survivors (3072K)
 Metaspace       used 111200K, committed 112000K, reserved 1179648K
  class space    used 15537K, committed 15936K, reserved 1048576K
GC Heap History (20 events):
Event: 6.739 GC heap after
{Heap after GC invocations=44 (full 0):
 garbage-first heap   total 165888K, used 103755K [0x0000000080000000, 0x0000000100000000)
  region size 1024K, 6 young (6144K), 6 survivors (6144K)
 Metaspace       used 97909K, committed 98560K, reserved 1179648K
  class space    used 13587K, committed 13888K, reserved 1048576K
}
Event: 6.870 GC heap before
{Heap before GC invocations=45 (full 0):
 garbage-first heap   total 193536K, used 136523K [0x0000000080000000, 0x0000000100000000)
  region size 1024K, 39 young (39936K), 6 survivors (6144K)
 Metaspace       used 98324K, committed 99008K, reserved 1179648K
  class space    used 13678K, committed 14016K, reserved 1048576K
}
Event: 6.873 GC heap after
{Heap after GC invocations=46 (full 0):
 garbage-first heap   total 193536K, used 106875K [0x0000000080000000, 0x0000000100000000)
  region size 1024K, 3 young (3072K), 3 survivors (3072K)
 Metaspace       used 98324K, committed 99008K, reserved 1179648K
  class space    used 13678K, committed 14016K, reserved 1048576K
}
Event: 6.899 GC heap before
{Heap before GC invocations=46 (full 0):
 garbage-first heap   total 193536K, used 113019K [0x0000000080000000, 0x0000000100000000)
  region size 1024K, 9 young (9216K), 3 survivors (3072K)
 Metaspace       used 98344K, committed 99008K, reserved 1179648K
  class space    used 13678K, committed 14016K, reserved 1048576K
}
Event: 6.903 GC heap after
{Heap after GC invocations=47 (full 0):
 garbage-first heap   total 288768K, used 106937K [0x0000000080000000, 0x0000000100000000)
  region size 1024K, 1 young (1024K), 1 survivors (1024K)
 Metaspace       used 98344K, committed 99008K, reserved 1179648K
  class space    used 13678K, committed 14016K, reserved 1048576K
}
Event: 7.373 GC heap before
{Heap before GC invocations=47 (full 0):
 garbage-first heap   total 288768K, used 229817K [0x0000000080000000, 0x0000000100000000)
  region size 1024K, 122 young (124928K), 1 survivors (1024K)
 Metaspace       used 99667K, committed 100416K, reserved 1179648K
  class space    used 13794K, committed 14144K, reserved 1048576K
}
Event: 7.378 GC heap after
{Heap after GC invocations=48 (full 0):
 garbage-first heap   total 288768K, used 114487K [0x0000000080000000, 0x0000000100000000)
  region size 1024K, 9 young (9216K), 9 survivors (9216K)
 Metaspace       used 99667K, committed 100416K, reserved 1179648K
  class space    used 13794K, committed 14144K, reserved 1048576K
}
Event: 7.861 GC heap before
{Heap before GC invocations=48 (full 0):
 garbage-first heap   total 288768K, used 230199K [0x0000000080000000, 0x0000000100000000)
  region size 1024K, 118 young (120832K), 9 survivors (9216K)
 Metaspace       used 103869K, committed 104640K, reserved 1179648K
  class space    used 14272K, committed 14656K, reserved 1048576K
}
Event: 7.867 GC heap after
{Heap after GC invocations=49 (full 0):
 garbage-first heap   total 288768K, used 121721K [0x0000000080000000, 0x0000000100000000)
  region size 1024K, 8 young (8192K), 8 survivors (8192K)
 Metaspace       used 103869K, committed 104640K, reserved 1179648K
  class space    used 14272K, committed 14656K, reserved 1048576K
}
Event: 7.919 GC heap before
{Heap before GC invocations=49 (full 0):
 garbage-first heap   total 288768K, used 152441K [0x0000000080000000, 0x0000000100000000)
  region size 1024K, 25 young (25600K), 8 survivors (8192K)
 Metaspace       used 103978K, committed 104768K, reserved 1179648K
  class space    used 14284K, committed 14656K, reserved 1048576K
}
Event: 7.923 GC heap after
{Heap after GC invocations=50 (full 0):
 garbage-first heap   total 288768K, used 145749K [0x0000000080000000, 0x0000000100000000)
  region size 1024K, 15 young (15360K), 15 survivors (15360K)
 Metaspace       used 103978K, committed 104768K, reserved 1179648K
  class space    used 14284K, committed 14656K, reserved 1048576K
}
Event: 8.243 GC heap before
{Heap before GC invocations=51 (full 0):
 garbage-first heap   total 288768K, used 265557K [0x0000000080000000, 0x0000000100000000)
  region size 1024K, 85 young (87040K), 15 survivors (15360K)
 Metaspace       used 107495K, committed 108224K, reserved 1179648K
  class space    used 14799K, committed 15168K, reserved 1048576K
}
Event: 8.252 GC heap after
{Heap after GC invocations=52 (full 0):
 garbage-first heap   total 302080K, used 185567K [0x0000000080000000, 0x0000000100000000)
  region size 1024K, 13 young (13312K), 13 survivors (13312K)
 Metaspace       used 107495K, committed 108224K, reserved 1179648K
  class space    used 14799K, committed 15168K, reserved 1048576K
}
Event: 8.257 GC heap before
{Heap before GC invocations=52 (full 0):
 garbage-first heap   total 302080K, used 186591K [0x0000000080000000, 0x0000000100000000)
  region size 1024K, 14 young (14336K), 13 survivors (13312K)
 Metaspace       used 107495K, committed 108224K, reserved 1179648K
  class space    used 14799K, committed 15168K, reserved 1048576K
}
Event: 8.261 GC heap after
{Heap after GC invocations=53 (full 0):
 garbage-first heap   total 302080K, used 186817K [0x0000000080000000, 0x0000000100000000)
  region size 1024K, 1 young (1024K), 1 survivors (1024K)
 Metaspace       used 107495K, committed 108224K, reserved 1179648K
  class space    used 14799K, committed 15168K, reserved 1048576K
}
Event: 8.461 GC heap before
{Heap before GC invocations=53 (full 0):
 garbage-first heap   total 302080K, used 243137K [0x0000000080000000, 0x0000000100000000)
  region size 1024K, 55 young (56320K), 1 survivors (1024K)
 Metaspace       used 108548K, committed 109312K, reserved 1179648K
  class space    used 14959K, committed 15360K, reserved 1048576K
}
Event: 8.472 GC heap after
{Heap after GC invocations=54 (full 0):
 garbage-first heap   total 302080K, used 207248K [0x0000000080000000, 0x0000000100000000)
  region size 1024K, 7 young (7168K), 7 survivors (7168K)
 Metaspace       used 108548K, committed 109312K, reserved 1179648K
  class space    used 14959K, committed 15360K, reserved 1048576K
}
Event: 8.681 GC heap before
{Heap before GC invocations=55 (full 0):
 garbage-first heap   total 380928K, used 247184K [0x0000000080000000, 0x0000000100000000)
  region size 1024K, 42 young (43008K), 7 survivors (7168K)
 Metaspace       used 111085K, committed 111872K, reserved 1179648K
  class space    used 15532K, committed 15936K, reserved 1048576K
}
Event: 8.692 GC heap after
{Heap after GC invocations=56 (full 0):
 garbage-first heap   total 380928K, used 221428K [0x0000000080000000, 0x0000000100000000)
  region size 1024K, 6 young (6144K), 6 survivors (6144K)
 Metaspace       used 111085K, committed 111872K, reserved 1179648K
  class space    used 15532K, committed 15936K, reserved 1048576K
}
Event: 8.738 GC heap before
{Heap before GC invocations=56 (full 0):
 garbage-first heap   total 380928K, used 233716K [0x0000000080000000, 0x0000000100000000)
  region size 1024K, 18 young (18432K), 6 survivors (6144K)
 Metaspace       used 111200K, committed 112000K, reserved 1179648K
  class space    used 15537K, committed 15936K, reserved 1048576K
}

