# JRE version: OpenJDK Runtime Environment (17.0.7) (build 17.0.7+0-b2043.56-10550314)
# Java VM: OpenJDK 64-Bit Server VM (17.0.7+0-b2043.56-10550314, mixed mode, tiered, compressed oops, compressed class ptrs, g1 gc, windows-amd64)
GC Precious Log:
 CPUs: 8 total, 8 available
 Memory: 16303M
 Large Page Support: Disabled
 NUMA Support: Disabled
 Compressed Oops: Enabled (32-bit)
 Heap Region Size: 1M
 Heap Min Capacity: 8M
 Heap Initial Capacity: 256M
 Heap Max Capacity: 2G
 Pre-touch: Disabled
 Parallel Workers: 8
 Concurrent Workers: 2
 Concurrent Refinement Workers: 8
 Periodic GC: Disabled
Heap:
 garbage-first heap   total 324608K, used 164488K [0x0000000080000000, 0x0000000100000000)
  region size 1024K, 7 young (7168K), 7 survivors (7168K)
 Metaspace       used 123308K, committed 124096K, reserved 1179648K
  class space    used 17419K, committed 17792K, reserved 1048576K
GC Heap History (20 events):
Event: 11.327 GC heap after
{Heap after GC invocations=29 (full 0):
 garbage-first heap   total 260096K, used 118597K [0x0000000080000000, 0x0000000100000000)
  region size 1024K, 9 young (9216K), 9 survivors (9216K)
 Metaspace       used 103265K, committed 104000K, reserved 1179648K
  class space    used 14227K, committed 14592K, reserved 1048576K
}
Event: 11.480 GC heap before
{Heap before GC invocations=29 (full 0):
 garbage-first heap   total 260096K, used 209733K [0x0000000080000000, 0x0000000100000000)
  region size 1024K, 99 young (101376K), 9 survivors (9216K)
 Metaspace       used 103919K, committed 104640K, reserved 1179648K
  class space    used 14284K, committed 14656K, reserved 1048576K
}
Event: 11.483 GC heap after
{Heap after GC invocations=30 (full 0):
 garbage-first heap   total 260096K, used 117826K [0x0000000080000000, 0x0000000100000000)
  region size 1024K, 3 young (3072K), 3 survivors (3072K)
 Metaspace       used 103919K, committed 104640K, reserved 1179648K
  class space    used 14284K, committed 14656K, reserved 1048576K
}
Event: 11.859 GC heap before
{Heap before GC invocations=30 (full 0):
 garbage-first heap   total 260096K, used 213058K [0x0000000080000000, 0x0000000100000000)
  region size 1024K, 97 young (99328K), 3 survivors (3072K)
 Metaspace       used 104417K, committed 105088K, reserved 1179648K
  class space    used 14328K, committed 14656K, reserved 1048576K
}
Event: 11.861 GC heap after
{Heap after GC invocations=31 (full 0):
 garbage-first heap   total 260096K, used 117150K [0x0000000080000000, 0x0000000100000000)
  region size 1024K, 2 young (2048K), 2 survivors (2048K)
 Metaspace       used 104417K, committed 105088K, reserved 1179648K
  class space    used 14328K, committed 14656K, reserved 1048576K
}
Event: 12.704 GC heap before
{Heap before GC invocations=31 (full 0):
 garbage-first heap   total 260096K, used 216478K [0x0000000080000000, 0x0000000100000000)
  region size 1024K, 100 young (102400K), 2 survivors (2048K)
 Metaspace       used 107931K, committed 108672K, reserved 1179648K
  class space    used 14809K, committed 15232K, reserved 1048576K
}
Event: 12.708 GC heap after
{Heap after GC invocations=32 (full 0):
 garbage-first heap   total 260096K, used 124502K [0x0000000080000000, 0x0000000100000000)
  region size 1024K, 10 young (10240K), 10 survivors (10240K)
 Metaspace       used 107931K, committed 108672K, reserved 1179648K
  class space    used 14809K, committed 15232K, reserved 1048576K
}
Event: 12.763 GC heap before
{Heap before GC invocations=32 (full 0):
 garbage-first heap   total 260096K, used 153174K [0x0000000080000000, 0x0000000100000000)
  region size 1024K, 40 young (40960K), 10 survivors (10240K)
 Metaspace       used 108968K, committed 109696K, reserved 1179648K
  class space    used 14953K, committed 15360K, reserved 1048576K
}
Event: 12.769 GC heap after
{Heap after GC invocations=33 (full 0):
 garbage-first heap   total 260096K, used 132735K [0x0000000080000000, 0x0000000100000000)
  region size 1024K, 9 young (9216K), 9 survivors (9216K)
 Metaspace       used 108968K, committed 109696K, reserved 1179648K
  class space    used 14953K, committed 15360K, reserved 1048576K
}
Event: 13.099 GC heap before
{Heap before GC invocations=34 (full 0):
 garbage-first heap   total 260096K, used 205439K [0x0000000080000000, 0x0000000100000000)
  region size 1024K, 81 young (82944K), 9 survivors (9216K)
 Metaspace       used 113589K, committed 114368K, reserved 1179648K
  class space    used 15698K, committed 16064K, reserved 1048576K
}
Event: 13.106 GC heap after
{Heap after GC invocations=35 (full 0):
 garbage-first heap   total 260096K, used 138884K [0x0000000080000000, 0x0000000100000000)
  region size 1024K, 10 young (10240K), 10 survivors (10240K)
 Metaspace       used 113589K, committed 114368K, reserved 1179648K
  class space    used 15698K, committed 16064K, reserved 1048576K
}
Event: 13.116 GC heap before
{Heap before GC invocations=35 (full 0):
 garbage-first heap   total 260096K, used 139908K [0x0000000080000000, 0x0000000100000000)
  region size 1024K, 12 young (12288K), 10 survivors (10240K)
 Metaspace       used 113823K, committed 114624K, reserved 1179648K
  class space    used 15736K, committed 16128K, reserved 1048576K
}
Event: 13.123 GC heap after
{Heap after GC invocations=36 (full 0):
 garbage-first heap   total 260096K, used 139085K [0x0000000080000000, 0x0000000100000000)
  region size 1024K, 2 young (2048K), 2 survivors (2048K)
 Metaspace       used 113823K, committed 114624K, reserved 1179648K
  class space    used 15736K, committed 16128K, reserved 1048576K
}
Event: 13.311 GC heap before
{Heap before GC invocations=36 (full 0):
 garbage-first heap   total 260096K, used 206669K [0x0000000080000000, 0x0000000100000000)
  region size 1024K, 69 young (70656K), 2 survivors (2048K)
 Metaspace       used 117675K, committed 118464K, reserved 1179648K
  class space    used 16418K, committed 16832K, reserved 1048576K
}
Event: 13.317 GC heap after
{Heap after GC invocations=37 (full 0):
 garbage-first heap   total 260096K, used 146045K [0x0000000080000000, 0x0000000100000000)
  region size 1024K, 9 young (9216K), 9 survivors (9216K)
 Metaspace       used 117675K, committed 118464K, reserved 1179648K
  class space    used 16418K, committed 16832K, reserved 1048576K
}
Event: 13.456 GC heap before
{Heap before GC invocations=38 (full 0):
 garbage-first heap   total 324608K, used 208509K [0x0000000080000000, 0x0000000100000000)
  region size 1024K, 71 young (72704K), 9 survivors (9216K)
 Metaspace       used 118742K, committed 119552K, reserved 1179648K
  class space    used 16613K, committed 17024K, reserved 1048576K
}
Event: 13.467 GC heap after
{Heap after GC invocations=39 (full 0):
 garbage-first heap   total 324608K, used 157696K [0x0000000080000000, 0x0000000100000000)
  region size 1024K, 9 young (9216K), 9 survivors (9216K)
 Metaspace       used 118742K, committed 119552K, reserved 1179648K
  class space    used 16613K, committed 17024K, reserved 1048576K
}
Event: 13.476 GC heap before
{Heap before GC invocations=39 (full 0):
 garbage-first heap   total 324608K, used 163840K [0x0000000080000000, 0x0000000100000000)
  region size 1024K, 15 young (15360K), 9 survivors (9216K)
 Metaspace       used 118944K, committed 119680K, reserved 1179648K
  class space    used 16656K, committed 17024K, reserved 1048576K
}
Event: 13.482 GC heap after
{Heap after GC invocations=40 (full 0):
 garbage-first heap   total 324608K, used 160174K [0x0000000080000000, 0x0000000100000000)
  region size 1024K, 2 young (2048K), 2 survivors (2048K)
 Metaspace       used 118944K, committed 119680K, reserved 1179648K
  class space    used 16656K, committed 17024K, reserved 1048576K
}
Event: 13.797 GC heap before
{Heap before GC invocations=40 (full 0):
 garbage-first heap   total 324608K, used 255406K [0x0000000080000000, 0x0000000100000000)
  region size 1024K, 96 young (98304K), 2 survivors (2048K)
 Metaspace       used 123308K, committed 124096K, reserved 1179648K
  class space    used 17419K, committed 17792K, reserved 1048576K
}

